<?xml version="1.0" encoding="UTF-8"?>
<!-- Generated by org.testng.reporters.JUnitXMLReporter -->
<testsuite ignored="0" hostname="CAF-QA-Shashi" failures="0" tests="8" name="Default test" time="1974.966" errors="0" timestamp="2021-12-20T11:45:28 IST">
  <testcase classname="com.ribbon.cpq.Create_Opportunity_Flow" name="testAddSite" time="165.031"/>
  <testcase classname="com.ribbon.cpq.Create_Opportunity_Flow" name="testAddEdgeMarc" time="334.347"/>
  <testcase classname="com.ribbon.cpq.Create_Opportunity_Flow" name="testAddGVPP" time="543.393"/>
  <testcase classname="com.ribbon.cpq.Create_Opportunity_Flow" name="testAddFromCatalog" time="495.335"/>
  <testcase classname="com.ribbon.cpq.Create_Opportunity_Flow" name="testReconfigureModel" time="137.137"/>
  <testcase classname="com.ribbon.cpq.Create_Opportunity_Flow" name="testDiscounting" time="79.553"/>
  <testcase classname="com.ribbon.cpq.Create_Opportunity_Flow" name="testQuoteDocumentGeneration" time="104.477"/>
  <testcase classname="com.ribbon.cpq.Create_Opportunity_Flow" name="testStartandStopSync" time="64.906"/>
</testsuite> <!-- Default test -->
