<?xml version="1.0" encoding="UTF-8"?>
<!-- Generated by org.testng.reporters.JUnitXMLReporter -->
<testsuite ignored="0" hostname="CAF-QA-Shashi" failures="0" tests="8" name="Default test" time="1926.261" errors="0" timestamp="2021-09-09T17:16:13 IST">
  <testcase classname="com.ribbon.cpq.Create_Opportunity_Flow" name="testAddSite" time="186.302"/>
  <testcase classname="com.ribbon.cpq.Create_Opportunity_Flow" name="testAddEdgeMarc" time="393.371"/>
  <testcase classname="com.ribbon.cpq.Create_Opportunity_Flow" name="testAddGVPP" time="406.567"/>
  <testcase classname="com.ribbon.cpq.Create_Opportunity_Flow" name="testAddFromCatalog" time="455.439"/>
  <testcase classname="com.ribbon.cpq.Create_Opportunity_Flow" name="testReconfigureModel" time="139.541"/>
  <testcase classname="com.ribbon.cpq.Create_Opportunity_Flow" name="testDiscounting" time="72.94"/>
  <testcase classname="com.ribbon.cpq.Create_Opportunity_Flow" name="testQuoteDocumentGeneration" time="95.416"/>
  <testcase classname="com.ribbon.cpq.Create_Opportunity_Flow" name="testStartandStopSync" time="109.64"/>
</testsuite> <!-- Default test -->
